<?xml version="1.0" encoding="UTF-8"?>
<testng-results skipped="0" failed="0" ignored="0" total="1" passed="1">
  <reporter-output>
  </reporter-output>
  <suite name="Suite" duration-ms="20252" started-at="2022-12-17T12:40:54Z" finished-at="2022-12-17T12:41:14Z">
    <groups>
    </groups>
    <test name="Test" duration-ms="20252" started-at="2022-12-17T12:40:54Z" finished-at="2022-12-17T12:41:14Z">
      <class name="restAPIProject.EndToEndTest">
        <test-method status="PASS" signature="test1()[pri:0, instance:restAPIProject.EndToEndTest@7bc1a03d]" name="test1" duration-ms="20217" started-at="2022-12-17T12:40:54Z" finished-at="2022-12-17T12:41:14Z">
          <reporter-output>
          </reporter-output>
        </test-method> <!-- test1 -->
      </class> <!-- restAPIProject.EndToEndTest -->
    </test> <!-- Test -->
  </suite> <!-- Suite -->
</testng-results>
