<?xml version="1.0" encoding="UTF-8"?>
<testsuite xmlns:xsi="http://www.w3.org/2001/XMLSchema-instance" xsi:noNamespaceSchemaLocation="https://maven.apache.org/surefire/maven-surefire-plugin/xsd/surefire-test-report-3.0.xsd" version="3.0" name="TestSuite" time="21.656" tests="1" errors="0" skipped="0" failures="0">
  <properties>
[...]
</properties>
  <testcase name="test1" classname="restAPIProject.EndToEndTest" time="20.231">
    <system-out><![CDATA[[TestNGContentHandler] [WARN] It is strongly recommended to add "<!DOCTYPE suite SYSTEM "http://testng.org/testng-1.0.dtd" >" at the top of your file, otherwise TestNG may fail or not work as expected.
 Get all the Employees
[
  {
    "name": "Neal",
    "salary": "7500",
    "id": 1
  },
  {
    "name": "Priyanka",
    "salary": "8000",
    "id": 5
  },
  {
    "name": "JOHN",
    "salary": "9000",
    "id": 7
  },
  {
    "name": "JOHN",
    "salary": "9000",
    "id": 8
  },
  {
    "name": "Ravi",
    "salary": "12000",
    "id": 9
  },
  {
    "name": "Ramesh",
    "salary": "35000",
    "id": 10
  },
  {
    "name": "Andri",
    "salary": "35000",
    "id": 11
  },
  {
    "name": "Andri",
    "salary": "35000",
    "id": 12
  },
  {
    "name": "Mogli",
    "salary": "34000",
    "id": 13
  }
]
Creating a new employee
{
  "name": "Jacob",
  "salary": "8000",
  "id": 14
}
checking if a new employee is added
The name of new employee is{
  "name": "Jacob",
  "salary": "8000",
  "id": 14
}
Updating the name of the new employee from Jacob to Smith
The updated name of new employee is{
  "name": "Smith",
  "id": 14,
  "salary": "8000"
}
checking if the new name update is reflecting
Deleting the newly created employee
checking if the new employee is deleted 
Fetching all the employees
[
  {
    "name": "Neal",
    "salary": "7500",
    "id": 1
  },
  {
    "name": "Priyanka",
    "salary": "8000",
    "id": 5
  },
  {
    "name": "JOHN",
    "salary": "9000",
    "id": 7
  },
  {
    "name": "JOHN",
    "salary": "9000",
    "id": 8
  },
  {
    "name": "Ravi",
    "salary": "12000",
    "id": 9
  },
  {
    "name": "Ramesh",
    "salary": "35000",
    "id": 10
  },
  {
    "name": "Andri",
    "salary": "35000",
    "id": 11
  },
  {
    "name": "Andri",
    "salary": "35000",
    "id": 12
  },
  {
    "name": "Mogli",
    "salary": "34000",
    "id": 13
  }
]
]]></system-out>
  </testcase>
</testsuite>