<?xml version="1.0" encoding="UTF-8"?>
<testng-results ignored="0" total="1" passed="1" failed="0" skipped="0">
  <reporter-output>
  </reporter-output>
  <suite started-at="2022-12-17T12:28:30Z" name="Default suite" finished-at="2022-12-17T12:28:35Z" duration-ms="4369">
    <groups>
    </groups>
    <test started-at="2022-12-17T12:28:30Z" name="Default test" finished-at="2022-12-17T12:28:35Z" duration-ms="4369">
      <class name="restAPIProject.EndToEndTest">
        <test-method signature="test1()[pri:0, instance:restAPIProject.EndToEndTest@573906eb]" started-at="2022-12-17T12:28:30Z" name="test1" finished-at="2022-12-17T12:28:35Z" duration-ms="4337" status="PASS">
          <reporter-output>
          </reporter-output>
        </test-method> <!-- test1 -->
      </class> <!-- restAPIProject.EndToEndTest -->
    </test> <!-- Default test -->
  </suite> <!-- Default suite -->
</testng-results>
